16 15 1 15 1 15 1 2 0 3 17 
16 15 1 2 0 3 15 1 15 1 2 0 3 17 
16 15 1 2 0 3 15 1 2 0 3 15 1 2 0 3 17 
16 15 1 2 0 3 15 1 2 0 3 2 0 3 15 1 2 0 3 17 
16 15 1 2 0 3 2 0 3 15 1 15 1 2 0 3 17 
16 15 1 2 0 3 2 0 3 15 1 2 0 3 15 1 2 0 3 17 
16 15 1 2 0 3 2 0 3 2 0 3 15 1 15 1 2 0 3 17 
16 15 1 15 1 15 1 2 0 3 2 0 3 14 2 0 3 11 17 
16 15 1 15 1 15 1 2 0 3 2 0 3 10 14 2 0 3 17 
16 15 1 15 1 15 1 2 0 3 2 0 3 10 10 17 
16 15 1 2 0 3 15 1 15 1 2 0 3 2 0 3 10 10 17 
16 15 1 15 1 15 1 2 0 3 2 0 3 10 13 8 5 3 1 17 
16 15 1 15 1 15 1 2 0 3 2 0 3 10 11 17 
16 15 1 2 0 3 15 1 15 1 2 0 3 2 0 3 10 11 17 
16 15 1 15 1 15 1 2 0 3 2 0 3 10 12 8 5 3 17 
16 15 1 15 1 15 1 2 0 3 2 0 3 10 7 8 5 6 17 
16 15 1 15 1 15 1 2 0 3 2 0 3 13 8 5 3 1 10 17 
16 15 1 15 1 15 1 2 0 3 2 0 3 11 14 2 0 3 17 
16 15 1 15 1 15 1 2 0 3 2 0 3 11 10 4 5 3 17 
16 15 1 15 1 15 1 2 0 3 2 0 3 11 13 8 5 3 1 17 
16 15 1 15 1 15 1 2 0 3 2 0 3 11 11 17 
16 15 1 2 0 3 15 1 15 1 2 0 3 2 0 3 11 11 17 
16 15 1 15 1 2 0 3 15 1 2 0 3 2 0 3 11 11 17 
16 15 1 15 1 15 1 2 0 3 2 0 3 11 12 8 5 3 17 
16 15 1 15 1 15 1 2 0 3 2 0 3 11 7 8 5 6 17 
16 15 1 15 1 15 1 2 0 3 2 0 3 12 8 5 3 10 17 
16 15 1 15 1 15 1 2 0 3 2 0 3 12 8 5 3 11 17 
16 15 1 15 1 15 1 2 0 3 2 0 3 7 8 5 6 10 17 
16 15 1 15 1 15 1 2 0 3 2 0 3 7 8 5 6 11 17 
